2026-04-07 19:11:14 [INFO] Starting mini game server...
2026-04-07 19:11:14 [INFO] Server started on port 7777
2026-04-07 19:22:25 [INFO] Starting mini game server...
2026-04-07 19:22:25 [INFO] Server started on port 7777
2026-04-07 19:22:38 [INFO] Starting mini game server...
2026-04-07 19:22:38 [INFO] Server started on port 7777
2026-04-07 19:22:50 [INFO] Starting mini game server...
2026-04-07 19:22:50 [INFO] Server started on port 7777
2026-04-08 04:39:46 [INFO] Starting mini game server...
2026-04-08 04:39:46 [INFO] Server started on port 7777
2026-04-08 04:40:42 [INFO] Starting mini game server...
2026-04-08 04:40:42 [INFO] Server started on port 7777
2026-04-08 05:27:04 [INFO] Starting mini game server...
2026-04-08 05:27:04 [INFO] Server started on port 7777
2026-04-08 05:27:05 [INFO] Client connected
2026-04-08 05:27:06 [INFO] User logged in: alice
2026-04-08 05:27:06 [INFO] Room created id=1 by alice
2026-04-08 05:27:07 [INFO] Client connected
2026-04-08 05:27:07 [INFO] User logged in: bob
2026-04-08 05:27:07 [INFO] User bob joined room id=1
2026-04-08 05:27:10 [WARN] User alice disconnected, reconnect window 30s
2026-04-08 05:27:10 [WARN] User bob disconnected, reconnect window 30s
2026-04-08 05:27:10 [INFO] Client disconnected
2026-04-08 05:27:10 [INFO] Client disconnected
2026-04-08 08:34:10 [INFO] Starting mini game server...
2026-04-08 08:34:10 [INFO] Server started on port 7777
2026-04-08 08:34:18 [INFO] Client connected
2026-04-08 08:34:18 [INFO] User logged in: alice
2026-04-08 08:34:18 [INFO] Client disconnected
2026-04-08 09:36:25 [INFO] Starting mini game server...
2026-04-08 09:36:25 [INFO] Server started on port 7777
2026-04-08 09:36:25 [INFO] Client connected
2026-04-08 09:38:21 [INFO] Client connected
2026-04-08 09:39:17 [INFO] Client disconnected
2026-04-08 09:39:19 [INFO] Client disconnected
2026-04-08 12:02:15 [INFO] Starting mini game server...
2026-04-08 12:02:15 [INFO] Server started on port 7777
2026-04-08 12:02:30 [INFO] Client connected
2026-04-08 12:03:02 [INFO] Client connected
2026-04-08 12:04:47 [INFO] Client disconnected
2026-04-08 12:04:47 [INFO] Client disconnected
2026-04-08 12:05:00 [INFO] Starting mini game server...
2026-04-08 12:05:00 [INFO] Server started on port 7777
2026-04-08 12:05:00 [INFO] Client connected
2026-04-08 12:05:00 [INFO] User logged in: alice
2026-04-08 12:05:17 [INFO] Room created id=1 by alice
2026-04-08 12:05:32 [INFO] Client connected
2026-04-08 12:47:18 [INFO] Client disconnected
2026-04-08 12:47:18 [WARN] User alice disconnected, reconnect window 30s
2026-04-08 12:47:18 [INFO] Client disconnected
2026-04-08 12:47:53 [INFO] Starting mini game server...
2026-04-08 12:47:53 [INFO] Server started on port 7777
2026-04-08 12:47:53 [INFO] Client connected
2026-04-08 12:47:53 [INFO] User logged in: alice
2026-04-08 12:47:53 [INFO] Client connected
2026-04-08 12:50:37 [INFO] Client disconnected
2026-04-08 12:50:39 [INFO] Starting mini game server...
2026-04-08 12:50:39 [INFO] Server started on port 7777
2026-04-08 12:50:40 [INFO] Client connected
2026-04-08 12:50:40 [INFO] Client connected
2026-04-08 12:50:40 [INFO] User logged in: alice
2026-04-08 12:51:44 [INFO] Room created id=1 by alice
2026-04-08 12:52:57 [INFO] Client disconnected
2026-04-08 12:52:57 [WARN] User alice disconnected, reconnect window 30s
2026-04-08 12:52:57 [INFO] Client disconnected
2026-04-08 12:53:00 [INFO] Starting mini game server...
2026-04-08 12:53:00 [INFO] Server started on port 7777
2026-04-08 12:53:01 [INFO] Client connected
2026-04-08 12:53:01 [INFO] User logged in: alice
2026-04-08 12:54:21 [INFO] Room created id=1 by alice
2026-04-08 12:55:09 [INFO] Client connected
2026-04-08 12:57:35 [INFO] Client disconnected
2026-04-08 12:57:39 [INFO] Starting mini game server...
2026-04-08 12:57:39 [INFO] Server started on port 7777
2026-04-08 12:57:56 [INFO] Client connected
2026-04-08 12:57:56 [INFO] User logged in: alice
2026-04-08 12:58:06 [INFO] Room created id=1 by alice
2026-04-08 12:58:18 [INFO] Client connected
2026-04-08 12:58:18 [INFO] User logged in: bob
2026-04-08 12:58:26 [INFO] User bob joined room id=1
2026-04-08 12:59:42 [INFO] Room 1 winner=bob
2026-04-08 13:17:05 [INFO] Starting mini game server...
2026-04-08 13:17:05 [INFO] Server started on port 7777
2026-04-08 13:17:21 [INFO] Client connected
2026-04-08 13:17:21 [INFO] User logged in: alice
2026-04-08 13:17:24 [INFO] Room created id=1 by alice
2026-04-08 13:17:29 [INFO] Client connected
2026-04-08 13:17:29 [INFO] User logged in: toan
2026-04-08 13:17:32 [INFO] User toan joined room id=1
2026-04-08 13:17:56 [INFO] Room 1 winner=alice
2026-04-08 13:26:22 [WARN] User toan disconnected, reconnect window 30s
2026-04-08 13:26:22 [INFO] Client disconnected
2026-04-08 13:26:22 [WARN] User alice disconnected, reconnect window 30s
2026-04-08 13:26:22 [INFO] Client disconnected
